<?xml version="1.0" encoding="UTF-8"?>
<testng-results ignored="0" total="1" passed="1" failed="0" skipped="0">
  <reporter-output>
  </reporter-output>
  <suite started-at="2021-10-22T17:38:17 IST" name="Suite" finished-at="2021-10-22T17:38:17 IST" duration-ms="78">
    <groups>
    </groups>
    <test started-at="2021-10-22T17:38:17 IST" name="Test" finished-at="2021-10-22T17:38:17 IST" duration-ms="78">
      <class name="remoteTesting.JenkinsPipelineBuild.Build">
        <test-method signature="BuildDemo()[pri:0, instance:remoteTesting.JenkinsPipelineBuild.Build@65f095f8]" started-at="2021-10-22T17:38:17 IST" name="BuildDemo" finished-at="2021-10-22T17:38:17 IST" duration-ms="13" status="PASS">
          <reporter-output>
          </reporter-output>
        </test-method> <!-- BuildDemo -->
      </class> <!-- remoteTesting.JenkinsPipelineBuild.Build -->
    </test> <!-- Test -->
  </suite> <!-- Suite -->
</testng-results>
